{"/home/nazar/project_46/backend-project-46/__test__/__fixtures__/flatJson/expectedJsonStrinRev1.js": {"path":"/home/nazar/project_46/backend-project-46/__test__/__fixtures__/flatJson/expectedJsonStrinRev1.js","statementMap":{"0":{"start":{"line":1,"column":27},"end":{"line":7,"column":16}}},"fnMap":{},"branchMap":{},"s":{"0":1},"f":{},"b":{},"_coverageSchema":"1a1c01bbd47fc00a2c39e90264f33305004495a9","hash":"a8dd626462afdf2400d060c65924f33e6f0a6d7e"}
,"/home/nazar/project_46/backend-project-46/__test__/__fixtures__/flatJson/expectedJsonStrinRev2.js": {"path":"/home/nazar/project_46/backend-project-46/__test__/__fixtures__/flatJson/expectedJsonStrinRev2.js","statementMap":{"0":{"start":{"line":1,"column":27},"end":{"line":8,"column":14}}},"fnMap":{},"branchMap":{},"s":{"0":1},"f":{},"b":{},"_coverageSchema":"1a1c01bbd47fc00a2c39e90264f33305004495a9","hash":"ee5cc73c4a01c47cee6ecd96f40dc438eb4983d7"}
,"/home/nazar/project_46/backend-project-46/__test__/__fixtures__/flatJson/obj.js": {"path":"/home/nazar/project_46/backend-project-46/__test__/__fixtures__/flatJson/obj.js","statementMap":{"0":{"start":{"line":1,"column":13},"end":{"line":6,"column":1}}},"fnMap":{},"branchMap":{},"s":{"0":1},"f":{},"b":{},"_coverageSchema":"1a1c01bbd47fc00a2c39e90264f33305004495a9","hash":"9dcc94b8d3625e6b52837b168519c7570c502b5d"}
,"/home/nazar/project_46/backend-project-46/__test__/__fixtures__/flatYml/expectedJsonStrinRev1.js": {"path":"/home/nazar/project_46/backend-project-46/__test__/__fixtures__/flatYml/expectedJsonStrinRev1.js","statementMap":{"0":{"start":{"line":1,"column":27},"end":{"line":7,"column":16}}},"fnMap":{},"branchMap":{},"s":{"0":1},"f":{},"b":{},"_coverageSchema":"1a1c01bbd47fc00a2c39e90264f33305004495a9","hash":"0b57e0359f05e6c5e4649decf0af7ee0aecad8fc"}
,"/home/nazar/project_46/backend-project-46/__test__/__fixtures__/flatYml/obj.js": {"path":"/home/nazar/project_46/backend-project-46/__test__/__fixtures__/flatYml/obj.js","statementMap":{"0":{"start":{"line":1,"column":13},"end":{"line":6,"column":1}}},"fnMap":{},"branchMap":{},"s":{"0":1},"f":{},"b":{},"_coverageSchema":"1a1c01bbd47fc00a2c39e90264f33305004495a9","hash":"e7b263acb3419246f309b304708a47dd0e663486"}
,"/home/nazar/project_46/backend-project-46/src/comparisonFlatFiles.js": {"path":"/home/nazar/project_46/backend-project-46/src/comparisonFlatFiles.js","statementMap":{"0":{"start":{"line":5,"column":18},"end":{"line":14,"column":1}},"1":{"start":{"line":6,"column":20},"end":{"line":6,"column":62}},"2":{"start":{"line":7,"column":2},"end":{"line":9,"column":3}},"3":{"start":{"line":8,"column":4},"end":{"line":8,"column":35}},"4":{"start":{"line":10,"column":2},"end":{"line":12,"column":3}},"5":{"start":{"line":11,"column":4},"end":{"line":11,"column":34}},"6":{"start":{"line":13,"column":2},"end":{"line":13,"column":59}},"7":{"start":{"line":16,"column":28},"end":{"line":56,"column":1}},"8":{"start":{"line":17,"column":15},"end":{"line":17,"column":31}},"9":{"start":{"line":18,"column":15},"end":{"line":18,"column":31}},"10":{"start":{"line":20,"column":16},"end":{"line":20,"column":33}},"11":{"start":{"line":21,"column":16},"end":{"line":21,"column":33}},"12":{"start":{"line":23,"column":2},"end":{"line":25,"column":3}},"13":{"start":{"line":24,"column":4},"end":{"line":24,"column":34}},"14":{"start":{"line":27,"column":21},"end":{"line":27,"column":50}},"15":{"start":{"line":29,"column":22},"end":{"line":29,"column":24}},"16":{"start":{"line":31,"column":2},"end":{"line":42,"column":5}},"17":{"start":{"line":32,"column":4},"end":{"line":41,"column":5}},"18":{"start":{"line":33,"column":6},"end":{"line":33,"column":42}},"19":{"start":{"line":34,"column":11},"end":{"line":41,"column":5}},"20":{"start":{"line":35,"column":6},"end":{"line":35,"column":42}},"21":{"start":{"line":36,"column":6},"end":{"line":36,"column":42}},"22":{"start":{"line":37,"column":11},"end":{"line":41,"column":5}},"23":{"start":{"line":38,"column":6},"end":{"line":38,"column":42}},"24":{"start":{"line":40,"column":6},"end":{"line":40,"column":42}},"25":{"start":{"line":44,"column":21},"end":{"line":48,"column":4}},"26":{"start":{"line":45,"column":23},"end":{"line":45,"column":27}},"27":{"start":{"line":46,"column":23},"end":{"line":46,"column":27}},"28":{"start":{"line":47,"column":4},"end":{"line":47,"column":48}},"29":{"start":{"line":50,"column":17},"end":{"line":53,"column":15}},"30":{"start":{"line":51,"column":18},"end":{"line":51,"column":34}},"31":{"start":{"line":52,"column":4},"end":{"line":52,"column":30}},"32":{"start":{"line":55,"column":2},"end":{"line":55,"column":16}}},"fnMap":{"0":{"name":"(anonymous_0)","decl":{"start":{"line":5,"column":18},"end":{"line":5,"column":19}},"loc":{"start":{"line":5,"column":32},"end":{"line":14,"column":1}},"line":5},"1":{"name":"(anonymous_1)","decl":{"start":{"line":16,"column":28},"end":{"line":16,"column":29}},"loc":{"start":{"line":16,"column":46},"end":{"line":56,"column":1}},"line":16},"2":{"name":"(anonymous_2)","decl":{"start":{"line":31,"column":21},"end":{"line":31,"column":22}},"loc":{"start":{"line":31,"column":30},"end":{"line":42,"column":3}},"line":31},"3":{"name":"(anonymous_3)","decl":{"start":{"line":44,"column":51},"end":{"line":44,"column":52}},"loc":{"start":{"line":44,"column":61},"end":{"line":48,"column":3}},"line":44},"4":{"name":"(anonymous_4)","decl":{"start":{"line":50,"column":32},"end":{"line":50,"column":33}},"loc":{"start":{"line":50,"column":41},"end":{"line":53,"column":3}},"line":50}},"branchMap":{"0":{"loc":{"start":{"line":7,"column":2},"end":{"line":9,"column":3}},"type":"if","locations":[{"start":{"line":7,"column":2},"end":{"line":9,"column":3}},{"start":{},"end":{}}],"line":7},"1":{"loc":{"start":{"line":10,"column":2},"end":{"line":12,"column":3}},"type":"if","locations":[{"start":{"line":10,"column":2},"end":{"line":12,"column":3}},{"start":{},"end":{}}],"line":10},"2":{"loc":{"start":{"line":10,"column":6},"end":{"line":10,"column":51}},"type":"binary-expr","locations":[{"start":{"line":10,"column":6},"end":{"line":10,"column":26}},{"start":{"line":10,"column":30},"end":{"line":10,"column":51}}],"line":10},"3":{"loc":{"start":{"line":23,"column":2},"end":{"line":25,"column":3}},"type":"if","locations":[{"start":{"line":23,"column":2},"end":{"line":25,"column":3}},{"start":{},"end":{}}],"line":23},"4":{"loc":{"start":{"line":23,"column":6},"end":{"line":23,"column":46}},"type":"binary-expr","locations":[{"start":{"line":23,"column":6},"end":{"line":23,"column":24}},{"start":{"line":23,"column":28},"end":{"line":23,"column":46}}],"line":23},"5":{"loc":{"start":{"line":32,"column":4},"end":{"line":41,"column":5}},"type":"if","locations":[{"start":{"line":32,"column":4},"end":{"line":41,"column":5}},{"start":{"line":34,"column":11},"end":{"line":41,"column":5}}],"line":32},"6":{"loc":{"start":{"line":34,"column":11},"end":{"line":41,"column":5}},"type":"if","locations":[{"start":{"line":34,"column":11},"end":{"line":41,"column":5}},{"start":{"line":37,"column":11},"end":{"line":41,"column":5}}],"line":34},"7":{"loc":{"start":{"line":34,"column":15},"end":{"line":34,"column":65}},"type":"binary-expr","locations":[{"start":{"line":34,"column":15},"end":{"line":34,"column":38}},{"start":{"line":34,"column":42},"end":{"line":34,"column":65}}],"line":34},"8":{"loc":{"start":{"line":37,"column":11},"end":{"line":41,"column":5}},"type":"if","locations":[{"start":{"line":37,"column":11},"end":{"line":41,"column":5}},{"start":{"line":39,"column":11},"end":{"line":41,"column":5}}],"line":37}},"s":{"0":2,"1":8,"2":8,"3":6,"4":2,"5":2,"6":0,"7":2,"8":4,"9":4,"10":4,"11":4,"12":4,"13":1,"14":3,"15":3,"16":3,"17":16,"18":3,"19":13,"20":3,"21":3,"22":10,"23":6,"24":4,"25":3,"26":26,"27":26,"28":26,"29":3,"30":19,"31":19,"32":3},"f":{"0":8,"1":4,"2":16,"3":26,"4":19},"b":{"0":[6,2],"1":[2,0],"2":[2,0],"3":[1,3],"4":[4,1],"5":[3,13],"6":[3,10],"7":[13,9],"8":[6,4]},"_coverageSchema":"1a1c01bbd47fc00a2c39e90264f33305004495a9","hash":"c3513fc4782007dde2263fe4215827ff30f20764"}
,"/home/nazar/project_46/backend-project-46/src/parserJson.js": {"path":"/home/nazar/project_46/backend-project-46/src/parserJson.js","statementMap":{"0":{"start":{"line":3,"column":22},"end":{"line":14,"column":1}},"1":{"start":{"line":4,"column":2},"end":{"line":13,"column":3}},"2":{"start":{"line":5,"column":17},"end":{"line":5,"column":51}},"3":{"start":{"line":6,"column":4},"end":{"line":6,"column":28}},"4":{"start":{"line":8,"column":4},"end":{"line":12,"column":5}},"5":{"start":{"line":9,"column":6},"end":{"line":9,"column":53}},"6":{"start":{"line":11,"column":6},"end":{"line":11,"column":18}}},"fnMap":{"0":{"name":"(anonymous_0)","decl":{"start":{"line":3,"column":22},"end":{"line":3,"column":23}},"loc":{"start":{"line":3,"column":36},"end":{"line":14,"column":1}},"line":3}},"branchMap":{"0":{"loc":{"start":{"line":8,"column":4},"end":{"line":12,"column":5}},"type":"if","locations":[{"start":{"line":8,"column":4},"end":{"line":12,"column":5}},{"start":{"line":10,"column":11},"end":{"line":12,"column":5}}],"line":8}},"s":{"0":3,"1":8,"2":8,"3":7,"4":1,"5":1,"6":0},"f":{"0":8},"b":{"0":[1,0]},"_coverageSchema":"1a1c01bbd47fc00a2c39e90264f33305004495a9","hash":"aaa0775b6cf316f04ce1cf542f118ef0dc8f5e67"}
,"/home/nazar/project_46/backend-project-46/src/parserYml.js": {"path":"/home/nazar/project_46/backend-project-46/src/parserYml.js","statementMap":{"0":{"start":{"line":4,"column":21},"end":{"line":15,"column":1}},"1":{"start":{"line":5,"column":2},"end":{"line":14,"column":3}},"2":{"start":{"line":6,"column":16},"end":{"line":6,"column":60}},"3":{"start":{"line":7,"column":4},"end":{"line":7,"column":15}},"4":{"start":{"line":9,"column":4},"end":{"line":13,"column":5}},"5":{"start":{"line":10,"column":6},"end":{"line":10,"column":53}},"6":{"start":{"line":12,"column":6},"end":{"line":12,"column":18}}},"fnMap":{"0":{"name":"(anonymous_0)","decl":{"start":{"line":4,"column":21},"end":{"line":4,"column":22}},"loc":{"start":{"line":4,"column":35},"end":{"line":15,"column":1}},"line":4}},"branchMap":{"0":{"loc":{"start":{"line":9,"column":4},"end":{"line":13,"column":5}},"type":"if","locations":[{"start":{"line":9,"column":4},"end":{"line":13,"column":5}},{"start":{"line":11,"column":11},"end":{"line":13,"column":5}}],"line":9}},"s":{"0":3,"1":4,"2":4,"3":3,"4":1,"5":1,"6":0},"f":{"0":4},"b":{"0":[1,0]},"_coverageSchema":"1a1c01bbd47fc00a2c39e90264f33305004495a9","hash":"5c4208fc224b6648ac8d81aa2b3119e4c097febc"}
}
