{"/home/nazar/project_46/backend-project-46/__test__/__fixtures__/flatJson/expectedJsonStrin.js": {"path":"/home/nazar/project_46/backend-project-46/__test__/__fixtures__/flatJson/expectedJsonStrin.js","statementMap":{"0":{"start":{"line":1,"column":23},"end":{"line":7,"column":16}}},"fnMap":{},"branchMap":{},"s":{"0":1},"f":{},"b":{},"_coverageSchema":"1a1c01bbd47fc00a2c39e90264f33305004495a9","hash":"f75b878c3f871a55b6970f5674a0a9dc241d54f5"}
,"/home/nazar/project_46/backend-project-46/src/json/comparisonFlatFiles.js": {"path":"/home/nazar/project_46/backend-project-46/src/json/comparisonFlatFiles.js","statementMap":{"0":{"start":{"line":3,"column":22},"end":{"line":14,"column":1}},"1":{"start":{"line":4,"column":2},"end":{"line":13,"column":3}},"2":{"start":{"line":5,"column":17},"end":{"line":5,"column":51}},"3":{"start":{"line":6,"column":4},"end":{"line":6,"column":28}},"4":{"start":{"line":8,"column":4},"end":{"line":12,"column":5}},"5":{"start":{"line":9,"column":6},"end":{"line":9,"column":53}},"6":{"start":{"line":11,"column":6},"end":{"line":11,"column":18}},"7":{"start":{"line":16,"column":28},"end":{"line":56,"column":1}},"8":{"start":{"line":17,"column":15},"end":{"line":17,"column":35}},"9":{"start":{"line":18,"column":15},"end":{"line":18,"column":35}},"10":{"start":{"line":20,"column":16},"end":{"line":20,"column":33}},"11":{"start":{"line":21,"column":16},"end":{"line":21,"column":33}},"12":{"start":{"line":23,"column":2},"end":{"line":25,"column":3}},"13":{"start":{"line":24,"column":4},"end":{"line":24,"column":34}},"14":{"start":{"line":27,"column":21},"end":{"line":27,"column":50}},"15":{"start":{"line":29,"column":22},"end":{"line":29,"column":24}},"16":{"start":{"line":31,"column":2},"end":{"line":42,"column":5}},"17":{"start":{"line":32,"column":4},"end":{"line":41,"column":5}},"18":{"start":{"line":33,"column":6},"end":{"line":33,"column":42}},"19":{"start":{"line":34,"column":11},"end":{"line":41,"column":5}},"20":{"start":{"line":35,"column":6},"end":{"line":35,"column":42}},"21":{"start":{"line":36,"column":6},"end":{"line":36,"column":42}},"22":{"start":{"line":37,"column":11},"end":{"line":41,"column":5}},"23":{"start":{"line":38,"column":6},"end":{"line":38,"column":42}},"24":{"start":{"line":40,"column":6},"end":{"line":40,"column":42}},"25":{"start":{"line":44,"column":21},"end":{"line":48,"column":4}},"26":{"start":{"line":45,"column":23},"end":{"line":45,"column":27}},"27":{"start":{"line":46,"column":23},"end":{"line":46,"column":27}},"28":{"start":{"line":47,"column":4},"end":{"line":47,"column":48}},"29":{"start":{"line":50,"column":17},"end":{"line":53,"column":15}},"30":{"start":{"line":51,"column":18},"end":{"line":51,"column":34}},"31":{"start":{"line":52,"column":4},"end":{"line":52,"column":30}},"32":{"start":{"line":55,"column":2},"end":{"line":55,"column":16}}},"fnMap":{"0":{"name":"(anonymous_0)","decl":{"start":{"line":3,"column":22},"end":{"line":3,"column":23}},"loc":{"start":{"line":3,"column":36},"end":{"line":14,"column":1}},"line":3},"1":{"name":"(anonymous_1)","decl":{"start":{"line":16,"column":28},"end":{"line":16,"column":29}},"loc":{"start":{"line":16,"column":46},"end":{"line":56,"column":1}},"line":16},"2":{"name":"(anonymous_2)","decl":{"start":{"line":31,"column":21},"end":{"line":31,"column":22}},"loc":{"start":{"line":31,"column":30},"end":{"line":42,"column":3}},"line":31},"3":{"name":"(anonymous_3)","decl":{"start":{"line":44,"column":51},"end":{"line":44,"column":52}},"loc":{"start":{"line":44,"column":61},"end":{"line":48,"column":3}},"line":44},"4":{"name":"(anonymous_4)","decl":{"start":{"line":50,"column":32},"end":{"line":50,"column":33}},"loc":{"start":{"line":50,"column":41},"end":{"line":53,"column":3}},"line":50}},"branchMap":{"0":{"loc":{"start":{"line":8,"column":4},"end":{"line":12,"column":5}},"type":"if","locations":[{"start":{"line":8,"column":4},"end":{"line":12,"column":5}},{"start":{"line":10,"column":11},"end":{"line":12,"column":5}}],"line":8},"1":{"loc":{"start":{"line":23,"column":2},"end":{"line":25,"column":3}},"type":"if","locations":[{"start":{"line":23,"column":2},"end":{"line":25,"column":3}},{"start":{},"end":{}}],"line":23},"2":{"loc":{"start":{"line":23,"column":6},"end":{"line":23,"column":46}},"type":"binary-expr","locations":[{"start":{"line":23,"column":6},"end":{"line":23,"column":24}},{"start":{"line":23,"column":28},"end":{"line":23,"column":46}}],"line":23},"3":{"loc":{"start":{"line":32,"column":4},"end":{"line":41,"column":5}},"type":"if","locations":[{"start":{"line":32,"column":4},"end":{"line":41,"column":5}},{"start":{"line":34,"column":11},"end":{"line":41,"column":5}}],"line":32},"4":{"loc":{"start":{"line":34,"column":11},"end":{"line":41,"column":5}},"type":"if","locations":[{"start":{"line":34,"column":11},"end":{"line":41,"column":5}},{"start":{"line":37,"column":11},"end":{"line":41,"column":5}}],"line":34},"5":{"loc":{"start":{"line":34,"column":15},"end":{"line":34,"column":65}},"type":"binary-expr","locations":[{"start":{"line":34,"column":15},"end":{"line":34,"column":38}},{"start":{"line":34,"column":42},"end":{"line":34,"column":65}}],"line":34},"6":{"loc":{"start":{"line":37,"column":11},"end":{"line":41,"column":5}},"type":"if","locations":[{"start":{"line":37,"column":11},"end":{"line":41,"column":5}},{"start":{"line":39,"column":11},"end":{"line":41,"column":5}}],"line":37}},"s":{"0":1,"1":4,"2":4,"3":4,"4":0,"5":0,"6":0,"7":1,"8":2,"9":2,"10":2,"11":2,"12":2,"13":1,"14":1,"15":1,"16":1,"17":5,"18":1,"19":4,"20":1,"21":1,"22":3,"23":2,"24":1,"25":1,"26":10,"27":10,"28":10,"29":1,"30":6,"31":6,"32":1},"f":{"0":4,"1":2,"2":5,"3":10,"4":6},"b":{"0":[0,0],"1":[1,1],"2":[2,1],"3":[1,4],"4":[1,3],"5":[4,3],"6":[2,1]},"_coverageSchema":"1a1c01bbd47fc00a2c39e90264f33305004495a9","hash":"16941f23ab47cf814656d28d68cf7d70d9609fe2"}
}
