TN:
SF:__test__/getFixturePath.js
FN:8,(anonymous_0)
FNF:1
FNH:1
FNDA:4,(anonymous_0)
DA:5,1
DA:6,1
DA:8,4
LF:3
LH:3
BRF:0
BRH:0
end_of_record
TN:
SF:__test__/__fixtures__/filesJson/expectedStringFormatPlain.js
FNF:0
FNH:0
DA:1,1
LF:1
LH:1
BRF:0
BRH:0
end_of_record
TN:
SF:__test__/__fixtures__/filesJson/expectedStringFormatStylish.js
FNF:0
FNH:0
DA:1,1
LF:1
LH:1
BRF:0
BRH:0
end_of_record
TN:
SF:__test__/__fixtures__/filesJson/obj.js
FNF:0
FNH:0
DA:1,1
LF:1
LH:1
BRF:0
BRH:0
end_of_record
TN:
SF:__test__/__fixtures__/filesYml/expectedYmlString.js
FNF:0
FNH:0
DA:1,1
LF:1
LH:1
BRF:0
BRH:0
end_of_record
TN:
SF:src/comparisonFiles.js
FN:3,(anonymous_0)
FN:7,(anonymous_1)
FN:14,(anonymous_2)
FNF:3
FNH:3
FNDA:3,(anonymous_0)
FNDA:15,(anonymous_1)
FNDA:54,(anonymous_2)
DA:3,1
DA:4,3
DA:5,3
DA:7,3
DA:8,15
DA:9,15
DA:11,15
DA:12,15
DA:14,15
DA:15,54
DA:16,54
DA:18,54
DA:19,12
DA:20,42
DA:21,9
DA:22,33
DA:23,12
DA:24,12
DA:25,21
DA:26,6
DA:28,15
DA:32,15
DA:35,3
LF:23
LH:23
BRDA:18,0,0,12
BRDA:18,0,1,42
BRDA:18,1,0,54
BRDA:18,1,1,18
BRDA:20,2,0,9
BRDA:20,2,1,33
BRDA:22,3,0,12
BRDA:22,3,1,21
BRDA:22,4,0,33
BRDA:22,4,1,18
BRDA:25,5,0,6
BRDA:25,5,1,15
BRF:12
BRH:12
end_of_record
TN:
SF:src/formatters/plain.js
FN:3,(anonymous_0)
FN:4,(anonymous_1)
FN:6,(anonymous_2)
FN:19,(anonymous_3)
FN:22,(anonymous_4)
FN:66,(anonymous_5)
FNF:6
FNH:6
FNDA:58,(anonymous_0)
FNDA:33,(anonymous_1)
FNDA:8,(anonymous_2)
FNDA:12,(anonymous_3)
FNDA:31,(anonymous_4)
FNDA:44,(anonymous_5)
DA:3,58
DA:4,33
DA:6,1
DA:7,8
DA:8,1
DA:10,7
DA:11,5
DA:13,2
DA:14,1
DA:16,1
DA:19,1
DA:20,12
DA:22,12
DA:23,31
DA:24,31
DA:26,31
DA:27,31
DA:28,31
DA:30,31
DA:31,11
DA:32,2
DA:33,0
DA:35,2
DA:38,11
DA:39,2
DA:42,1
DA:45,11
DA:46,11
DA:47,4
DA:50,20
DA:51,7
DA:52,4
DA:54,3
DA:57,20
DA:58,4
DA:61,1
DA:66,44
LF:37
LH:36
BRDA:3,0,0,15
BRDA:3,0,1,43
BRDA:3,1,0,58
BRDA:3,1,1,49
BRDA:7,2,0,1
BRDA:7,2,1,7
BRDA:10,3,0,5
BRDA:10,3,1,2
BRDA:13,4,0,1
BRDA:13,4,1,1
BRDA:19,5,0,1
BRDA:28,6,0,27
BRDA:28,6,1,4
BRDA:30,7,0,11
BRDA:30,7,1,20
BRDA:30,8,0,31
BRDA:30,8,1,12
BRDA:31,9,0,2
BRDA:31,9,1,9
BRDA:32,10,0,0
BRDA:32,10,1,2
BRDA:32,11,0,2
BRDA:32,11,1,2
BRDA:32,11,2,0
BRDA:38,12,0,2
BRDA:38,12,1,9
BRDA:39,13,0,1
BRDA:39,13,1,1
BRDA:39,14,0,2
BRDA:39,14,1,2
BRDA:39,14,2,1
BRDA:46,15,0,4
BRDA:46,15,1,7
BRDA:50,16,0,7
BRDA:50,16,1,13
BRDA:51,17,0,4
BRDA:51,17,1,3
BRDA:51,18,0,7
BRDA:51,18,1,6
BRDA:51,18,2,4
BRDA:54,19,0,2
BRDA:54,19,1,1
BRDA:57,20,0,4
BRDA:57,20,1,16
BRDA:58,21,0,3
BRDA:58,21,1,1
BRDA:58,22,0,4
BRDA:58,22,1,4
BRDA:58,22,2,3
BRF:49
BRH:47
end_of_record
TN:
SF:src/formatters/sortedKeys.js
FN:1,(anonymous_0)
FN:2,(anonymous_1)
FNF:2
FNH:2
FNDA:36,(anonymous_0)
FNDA:81,(anonymous_1)
DA:2,36
DA:3,81
DA:4,81
DA:5,69
DA:8,12
DA:9,12
DA:11,12
DA:12,0
DA:15,12
DA:17,36
LF:10
LH:9
BRDA:4,0,0,69
BRDA:4,0,1,12
BRDA:11,1,0,0
BRDA:11,1,1,12
BRDA:11,2,0,12
BRDA:11,2,1,0
BRF:6
BRH:4
end_of_record
TN:
SF:src/formatters/stylish.js
FN:3,(anonymous_0)
FN:4,(anonymous_1)
FN:8,(anonymous_2)
FNF:3
FNH:3
FNDA:2,(anonymous_0)
FNDA:24,(anonymous_1)
FNDA:62,(anonymous_2)
DA:3,1
DA:4,2
DA:5,24
DA:6,24
DA:8,24
DA:9,62
DA:10,62
DA:12,62
DA:14,22
DA:15,22
DA:16,22
DA:17,22
DA:19,22
DA:20,22
DA:22,18
DA:25,24
DA:28,2
LF:17
LH:17
BRDA:10,0,0,30
BRDA:10,0,1,32
BRDA:10,1,0,62
BRDA:10,1,1,50
BRDA:12,2,0,22
BRDA:12,2,1,22
BRDA:12,2,2,18
BRDA:13,3,0,62
BRDA:13,3,1,24
BRF:9
BRH:9
end_of_record
TN:
SF:src/parsers/getAbsolutePathAndExtname.js
FN:3,(anonymous_0)
FNF:1
FNH:1
FNDA:8,(anonymous_0)
DA:3,8
LF:1
LH:1
BRF:0
BRH:0
end_of_record
TN:
SF:src/parsers/parser.js
FN:5,(anonymous_0)
FNF:1
FNH:1
FNDA:8,(anonymous_0)
DA:5,1
DA:6,8
DA:8,8
DA:9,5
DA:11,3
DA:12,3
DA:14,0
LF:7
LH:6
BRDA:8,0,0,5
BRDA:8,0,1,3
BRDA:11,1,0,3
BRDA:11,1,1,0
BRDA:11,2,0,3
BRDA:11,2,1,0
BRF:6
BRH:4
end_of_record
TN:
SF:src/parsers/parserJson.js
FN:3,(anonymous_0)
FNF:1
FNH:1
FNDA:5,(anonymous_0)
DA:3,1
DA:4,5
DA:5,5
DA:6,5
DA:8,0
DA:9,0
DA:11,0
LF:7
LH:4
BRDA:8,0,0,0
BRDA:8,0,1,0
BRF:2
BRH:0
end_of_record
TN:
SF:src/parsers/parserYml.js
FN:4,(anonymous_0)
FNF:1
FNH:1
FNDA:3,(anonymous_0)
DA:4,1
DA:5,3
DA:6,3
DA:7,3
DA:9,0
DA:10,0
DA:12,0
LF:7
LH:4
BRDA:9,0,0,0
BRDA:9,0,1,0
BRF:2
BRH:0
end_of_record
