TN:
SF:__test__/__fixtures__/flatJson/expectedJsonStrinRev1.js
FNF:0
FNH:0
DA:1,1
LF:1
LH:1
BRF:0
BRH:0
end_of_record
TN:
SF:__test__/__fixtures__/flatJson/expectedJsonStrinRev2.js
FNF:0
FNH:0
DA:1,1
LF:1
LH:1
BRF:0
BRH:0
end_of_record
TN:
SF:__test__/__fixtures__/flatJson/obj.js
FNF:0
FNH:0
DA:1,1
LF:1
LH:1
BRF:0
BRH:0
end_of_record
TN:
SF:__test__/__fixtures__/flatYml/expectedJsonStrinRev1.js
FNF:0
FNH:0
DA:1,1
LF:1
LH:1
BRF:0
BRH:0
end_of_record
TN:
SF:__test__/__fixtures__/flatYml/obj.js
FNF:0
FNH:0
DA:1,1
LF:1
LH:1
BRF:0
BRH:0
end_of_record
TN:
SF:src/comparisonFlatFiles.js
FN:5,(anonymous_0)
FN:16,(anonymous_1)
FN:31,(anonymous_2)
FN:44,(anonymous_3)
FN:50,(anonymous_4)
FNF:5
FNH:5
FNDA:8,(anonymous_0)
FNDA:4,(anonymous_1)
FNDA:16,(anonymous_2)
FNDA:26,(anonymous_3)
FNDA:19,(anonymous_4)
DA:5,2
DA:6,8
DA:7,8
DA:8,6
DA:10,2
DA:11,2
DA:13,0
DA:16,2
DA:17,4
DA:18,4
DA:20,4
DA:21,4
DA:23,4
DA:24,1
DA:27,3
DA:29,3
DA:31,3
DA:32,16
DA:33,3
DA:34,13
DA:35,3
DA:36,3
DA:37,10
DA:38,6
DA:40,4
DA:44,3
DA:45,26
DA:46,26
DA:47,26
DA:50,3
DA:51,19
DA:52,19
DA:55,3
LF:33
LH:32
BRDA:7,0,0,6
BRDA:7,0,1,2
BRDA:10,1,0,2
BRDA:10,1,1,0
BRDA:10,2,0,2
BRDA:10,2,1,0
BRDA:23,3,0,1
BRDA:23,3,1,3
BRDA:23,4,0,4
BRDA:23,4,1,1
BRDA:32,5,0,3
BRDA:32,5,1,13
BRDA:34,6,0,3
BRDA:34,6,1,10
BRDA:34,7,0,13
BRDA:34,7,1,9
BRDA:37,8,0,6
BRDA:37,8,1,4
BRF:18
BRH:16
end_of_record
TN:
SF:src/parserJson.js
FN:3,(anonymous_0)
FNF:1
FNH:1
FNDA:8,(anonymous_0)
DA:3,3
DA:4,8
DA:5,8
DA:6,7
DA:8,1
DA:9,1
DA:11,0
LF:7
LH:6
BRDA:8,0,0,1
BRDA:8,0,1,0
BRF:2
BRH:1
end_of_record
TN:
SF:src/parserYml.js
FN:4,(anonymous_0)
FNF:1
FNH:1
FNDA:4,(anonymous_0)
DA:4,3
DA:5,4
DA:6,4
DA:7,3
DA:9,1
DA:10,1
DA:12,0
LF:7
LH:6
BRDA:9,0,0,1
BRDA:9,0,1,0
BRF:2
BRH:1
end_of_record
